<?xml version="1.0" encoding="UTF-8"?>
<!-- Generated by org.testng.reporters.JUnitXMLReporter -->
<testsuite ignored="0" hostname="DESKTOP-QK2T4EG" failures="0" tests="1" name="EdgeTest" time="0.086" errors="0" timestamp="2022-05-27T10:00:54 IST">
  <testcase classname="com.vyasa.testng.dataprovider.CrossBrowserTesting" name="@BeforeClass browserLaunch" time="0.007">
    <failure type="java.lang.IllegalStateException" message="The driver executable does not exist: D:\JavaProgramming\TestNgFramework">
      <![CDATA[java.lang.IllegalStateException: The driver executable does not exist: D:\JavaProgramming\TestNgFramework
at com.google.common.base.Preconditions.checkState(Preconditions.java:585)
at org.openqa.selenium.remote.service.DriverService.checkExecutable(DriverService.java:146)
at org.openqa.selenium.remote.service.DriverService.findExecutable(DriverService.java:141)
at com.microsoft.edge.seleniumtools.EdgeDriverService.access$000(EdgeDriverService.java:39)
at com.microsoft.edge.seleniumtools.EdgeDriverService$Builder.findDefaultExecutable(EdgeDriverService.java:168)
at org.openqa.selenium.remote.service.DriverService$Builder.build(DriverService.java:355)
at com.microsoft.edge.seleniumtools.EdgeDriverService.createDefaultService(EdgeDriverService.java:98)
at com.microsoft.edge.seleniumtools.EdgeDriver.<init>(EdgeDriver.java:126)
at com.vyasa.testng.dataprovider.CrossBrowserTesting.browserLaunch(CrossBrowserTesting.java:35)
at java.base/java.util.ArrayList.forEach(ArrayList.java:1511)
... Removed 25 stack frames]]>
    </failure>
  </testcase> <!-- @BeforeClass browserLaunch -->
  <testcase classname="com.vyasa.testng.dataprovider.CrossBrowserTesting" name="@AfterClass closeBrowser" time="-1.653625854013E9">
    <skipped/>
  </testcase> <!-- @AfterClass closeBrowser -->
  <testcase classname="com.vyasa.testng.dataprovider.CrossBrowserTesting" name="verifyUserLogon" time="0.0">
    <skipped/>
  </testcase> <!-- verifyUserLogon -->
</testsuite> <!-- EdgeTest -->
