<?xml version="1.0" encoding="UTF-8"?>
<!-- Generated by org.testng.reporters.JUnitReportReporter -->
<testsuite hostname="DESKTOP-QK2T4EG" failures="0" tests="4" name="com.vyasa.testng.dataprovider.CrossBrowserTesting" time="0.028" errors="1" timestamp="2022-05-27T10:00:54 IST" skipped="1">
  <testcase classname="com.vyasa.testng.dataprovider.CrossBrowserTesting" name="browserLaunch" time="0.007">
    <error message="The driver executable does not exist: D:\JavaProgramming\TestNgFramework" type="java.lang.IllegalStateException">
      <![CDATA[java.lang.IllegalStateException: The driver executable does not exist: D:\JavaProgramming\TestNgFramework
at com.google.common.base.Preconditions.checkState(Preconditions.java:585)
at org.openqa.selenium.remote.service.DriverService.checkExecutable(DriverService.java:146)
at org.openqa.selenium.remote.service.DriverService.findExecutable(DriverService.java:141)
at com.microsoft.edge.seleniumtools.EdgeDriverService.access$000(EdgeDriverService.java:39)
at com.microsoft.edge.seleniumtools.EdgeDriverService$Builder.findDefaultExecutable(EdgeDriverService.java:168)
at org.openqa.selenium.remote.service.DriverService$Builder.build(DriverService.java:355)
at com.microsoft.edge.seleniumtools.EdgeDriverService.createDefaultService(EdgeDriverService.java:98)
at com.microsoft.edge.seleniumtools.EdgeDriver.<init>(EdgeDriver.java:126)
at com.vyasa.testng.dataprovider.CrossBrowserTesting.browserLaunch(CrossBrowserTesting.java:35)
at java.base/jdk.internal.reflect.NativeMethodAccessorImpl.invoke0(Native Method)
at java.base/jdk.internal.reflect.NativeMethodAccessorImpl.invoke(NativeMethodAccessorImpl.java:77)
at java.base/jdk.internal.reflect.DelegatingMethodAccessorImpl.invoke(DelegatingMethodAccessorImpl.java:43)
at java.base/java.lang.reflect.Method.invoke(Method.java:568)
at org.testng.internal.MethodInvocationHelper.invokeMethod(MethodInvocationHelper.java:133)
at org.testng.internal.MethodInvocationHelper.invokeMethodConsideringTimeout(MethodInvocationHelper.java:62)
at org.testng.internal.ConfigInvoker.invokeConfigurationMethod(ConfigInvoker.java:385)
at org.testng.internal.ConfigInvoker.invokeConfigurations(ConfigInvoker.java:321)
at org.testng.internal.TestMethodWorker.invokeBeforeClassMethods(TestMethodWorker.java:176)
at org.testng.internal.TestMethodWorker.run(TestMethodWorker.java:122)
at java.base/java.util.ArrayList.forEach(ArrayList.java:1511)
at org.testng.TestRunner.privateRun(TestRunner.java:794)
at org.testng.TestRunner.run(TestRunner.java:596)
at org.testng.SuiteRunner.runTest(SuiteRunner.java:377)
at org.testng.SuiteRunner.runSequentially(SuiteRunner.java:371)
at org.testng.SuiteRunner.privateRun(SuiteRunner.java:332)
at org.testng.SuiteRunner.run(SuiteRunner.java:276)
at org.testng.SuiteRunnerWorker.runSuite(SuiteRunnerWorker.java:53)
at org.testng.SuiteRunnerWorker.run(SuiteRunnerWorker.java:96)
at org.testng.TestNG.runSuitesSequentially(TestNG.java:1212)
at org.testng.TestNG.runSuitesLocally(TestNG.java:1134)
at org.testng.TestNG.runSuites(TestNG.java:1063)
at org.testng.TestNG.run(TestNG.java:1031)
at org.testng.remote.AbstractRemoteTestNG.run(AbstractRemoteTestNG.java:115)
at org.testng.remote.RemoteTestNG.initAndRun(RemoteTestNG.java:251)
at org.testng.remote.RemoteTestNG.main(RemoteTestNG.java:77)
]]>
    </error>
  </testcase> <!-- browserLaunch -->
  <system-out/>
  <testcase classname="com.vyasa.testng.dataprovider.CrossBrowserTesting" name="verifyUserLogon" time="0.016"/>
  <system-out/>
  <testcase classname="com.vyasa.testng.dataprovider.CrossBrowserTesting" name="verifyUserLogon" time="0.000">
    <skipped/>
  </testcase> <!-- verifyUserLogon -->
  <system-out/>
  <testcase classname="com.vyasa.testng.dataprovider.CrossBrowserTesting" name="verifyUserLogon" time="0.005"/>
  <system-out/>
</testsuite> <!-- com.vyasa.testng.dataprovider.CrossBrowserTesting -->
