<?xml version="1.0" encoding="UTF-8"?>
<!-- Generated by org.testng.reporters.JUnitXMLReporter -->
<testsuite ignored="0" hostname="DESKTOP-QK2T4EG" failures="0" tests="14" name="Test" time="0.335" errors="0" timestamp="2022-06-01T16:04:30 IST">
  <testcase classname="com.vyasa.testng.dataprovider.DataProviderExample" name="@BeforeMethod browserSetup" time="0.107">
    <failure type="java.lang.IllegalStateException" message="The driver executable does not exist: D:\JavaProgramming\TestNgFramework\drivers\chromedriver.exe">
      <![CDATA[java.lang.IllegalStateException: The driver executable does not exist: D:\JavaProgramming\TestNgFramework\drivers\chromedriver.exe
at com.google.common.base.Preconditions.checkState(Preconditions.java:585)
at org.openqa.selenium.remote.service.DriverService.checkExecutable(DriverService.java:146)
at org.openqa.selenium.remote.service.DriverService.findExecutable(DriverService.java:141)
at org.openqa.selenium.chrome.ChromeDriverService.access$000(ChromeDriverService.java:35)
at org.openqa.selenium.chrome.ChromeDriverService$Builder.findDefaultExecutable(ChromeDriverService.java:159)
at org.openqa.selenium.remote.service.DriverService$Builder.build(DriverService.java:355)
at org.openqa.selenium.chrome.ChromeDriverService.createDefaultService(ChromeDriverService.java:94)
at org.openqa.selenium.chrome.ChromeDriver.<init>(ChromeDriver.java:123)
at com.vyasa.testng.dataprovider.DataProviderExample.browserSetup(DataProviderExample.java:20)
at java.base/java.util.ArrayList.forEach(ArrayList.java:1511)
... Removed 31 stack frames]]>
    </failure>
  </testcase> <!-- @BeforeMethod browserSetup -->
  <testcase classname="com.vyasa.testng.dataprovider.DataProviderExample" name="@AfterMethod closeBrowser" time="-1.654079670585E9">
    <skipped/>
  </testcase> <!-- @AfterMethod closeBrowser -->
  <testcase classname="com.vyasa.testng.dataprovider.DataProviderExample" name="@BeforeMethod browserSetup" time="-1.654079670588E9">
    <skipped/>
  </testcase> <!-- @BeforeMethod browserSetup -->
  <testcase classname="com.vyasa.testng.dataprovider.DataProviderExample" name="@AfterMethod closeBrowser" time="-1.654079670604E9">
    <skipped/>
  </testcase> <!-- @AfterMethod closeBrowser -->
  <testcase classname="com.vyasa.testng.dataprovider.DataProviderExample" name="@BeforeMethod browserSetup" time="-1.654079670607E9">
    <skipped/>
  </testcase> <!-- @BeforeMethod browserSetup -->
  <testcase classname="com.vyasa.testng.dataprovider.DataProviderExample" name="@AfterMethod closeBrowser" time="-1.654079670613E9">
    <skipped/>
  </testcase> <!-- @AfterMethod closeBrowser -->
  <testcase classname="com.vyasa.testng.automation.TestNGAutomation" name="@BeforeClass browserSetup" time="0.003">
    <failure type="java.lang.IllegalStateException" message="The driver executable does not exist: D:\JavaProgramming\TestNgFramework\drivers\chromedriver.exe">
      <![CDATA[java.lang.IllegalStateException: The driver executable does not exist: D:\JavaProgramming\TestNgFramework\drivers\chromedriver.exe
at com.google.common.base.Preconditions.checkState(Preconditions.java:585)
at org.openqa.selenium.remote.service.DriverService.checkExecutable(DriverService.java:146)
at org.openqa.selenium.remote.service.DriverService.findExecutable(DriverService.java:141)
at org.openqa.selenium.chrome.ChromeDriverService.access$000(ChromeDriverService.java:35)
at org.openqa.selenium.chrome.ChromeDriverService$Builder.findDefaultExecutable(ChromeDriverService.java:159)
at org.openqa.selenium.remote.service.DriverService$Builder.build(DriverService.java:355)
at org.openqa.selenium.chrome.ChromeDriverService.createDefaultService(ChromeDriverService.java:94)
at org.openqa.selenium.chrome.ChromeDriver.<init>(ChromeDriver.java:123)
at com.vyasa.testng.automation.TestNGAutomation.browserSetup(TestNGAutomation.java:23)
at java.base/java.util.ArrayList.forEach(ArrayList.java:1511)
... Removed 25 stack frames]]>
    </failure>
  </testcase> <!-- @BeforeClass browserSetup -->
  <testcase classname="com.vyasa.testng.automation.TestNGAutomation" name="@AfterClass browserClose" time="-1.65407967066E9">
    <skipped/>
  </testcase> <!-- @AfterClass browserClose -->
  <testcase classname="com.vyasa.testng.dataprovider.DataProviderExample" name="loginFlipkart" time="0.0">
    <skipped/>
  </testcase> <!-- loginFlipkart -->
  <testcase classname="com.vyasa.testng.dataprovider.DataProviderExample" name="loginFlipkart" time="0.001">
    <skipped/>
  </testcase> <!-- loginFlipkart -->
  <testcase classname="com.vyasa.testng.dataprovider.DataProviderExample" name="loginFlipkart" time="0.0">
    <skipped/>
  </testcase> <!-- loginFlipkart -->
  <testcase classname="com.vyasa.testng.automation.TestNGAutomation" name="verifyNewArrivalsDisplayed" time="0.0">
    <skipped/>
  </testcase> <!-- verifyNewArrivalsDisplayed -->
  <testcase classname="com.vyasa.testng.automation.TestNGAutomation" name="verifySliderHasThreeBooks" time="0.0">
    <skipped/>
  </testcase> <!-- verifySliderHasThreeBooks -->
  <testcase classname="com.vyasa.testng.automation.TestNGAutomation" name="verifyNewArrivalHasThreeBooks" time="0.0">
    <skipped/>
  </testcase> <!-- verifyNewArrivalHasThreeBooks -->
  <testcase classname="com.vyasa.testng.automation.TestNGAutomation" name="verifyTitleOfNewArrivalBooks" time="0.0">
    <skipped/>
  </testcase> <!-- verifyTitleOfNewArrivalBooks -->
  <testcase classname="com.vyasa.testng.automation.TestNGAttributes" name="test6" time="0.002"/>
  <testcase classname="com.vyasa.testng.automation.TestNGAttributes" name="atest4" time="0.001"/>
  <testcase classname="com.vyasa.testng.automation.TestNGAttributes" name="test2" time="0.004"/>
  <testcase classname="com.vyasa.testng.automation.TestNGAttributes" name="test5" time="0.002"/>
  <testcase classname="com.vyasa.testng.automation.TestNGAttributes" name="test1" time="0.001"/>
  <testcase classname="com.vyasa.testng.automation.TestNGAttributes" name="test3" time="0.002"/>
  <testcase classname="com.vyasa.testng.automation.TestNGAttributes" name="test7" time="0.003"/>
</testsuite> <!-- Test -->
