<?xml version="1.0" encoding="UTF-8"?>
<!-- Generated by org.testng.reporters.JUnitXMLReporter -->
<testsuite ignored="0" hostname="DESKTOP-QK2T4EG" failures="1" tests="11" name="HomePageSuite" time="84.467" errors="0" timestamp="2022-05-27T09:23:28 IST">
  <testcase classname="com.vyasa.testng.automation.TestNGAutomation" name="@BeforeMethod browserSetup" time="20.14">
    <failure type="org.openqa.selenium.WebDriverException" message="Timed out waiting for driver server to start.
Build info: version: &amp;apos;3.141.59&amp;apos;, revision: &amp;apos;e82be7d358&amp;apos;, time: &amp;apos;2018-11-14T08:25:53&amp;apos;
System info: host: &amp;apos;DESKTOP-QK2T4EG&amp;apos;, ip: &amp;apos;192.168.29.152&amp;apos;, os.name: &amp;apos;Windows 10&amp;apos;, os.arch: &amp;apos;amd64&amp;apos;, os.version: &amp;apos;10.0&amp;apos;, java.version: &amp;apos;17.0.2&amp;apos;
Driver info: driver.version: ChromeDriver">
      <![CDATA[org.openqa.selenium.WebDriverException: Timed out waiting for driver server to start.
Build info: version: '3.141.59', revision: 'e82be7d358', time: '2018-11-14T08:25:53'
System info: host: 'DESKTOP-QK2T4EG', ip: '192.168.29.152', os.name: 'Windows 10', os.arch: 'amd64', os.version: '10.0', java.version: '17.0.2'
Driver info: driver.version: ChromeDriver
at org.openqa.selenium.remote.service.DriverService.waitUntilAvailable(DriverService.java:202)
at org.openqa.selenium.remote.service.DriverService.start(DriverService.java:188)
at org.openqa.selenium.remote.service.DriverCommandExecutor.execute(DriverCommandExecutor.java:79)
at org.openqa.selenium.remote.RemoteWebDriver.execute(RemoteWebDriver.java:552)
at org.openqa.selenium.remote.RemoteWebDriver.startSession(RemoteWebDriver.java:213)
at org.openqa.selenium.remote.RemoteWebDriver.<init>(RemoteWebDriver.java:131)
at org.openqa.selenium.chrome.ChromeDriver.<init>(ChromeDriver.java:181)
at org.openqa.selenium.chrome.ChromeDriver.<init>(ChromeDriver.java:168)
at org.openqa.selenium.chrome.ChromeDriver.<init>(ChromeDriver.java:123)
at com.vyasa.testng.automation.TestNGAutomation.browserSetup(TestNGAutomation.java:26)
at java.base/java.util.ArrayList.forEach(ArrayList.java:1511)
Caused by: org.openqa.selenium.net.UrlChecker$TimeoutException: Timed out waiting for [http://localhost:22020/status] to be available after 20001 ms
at org.openqa.selenium.net.UrlChecker.waitUntilAvailable(UrlChecker.java:100)
at org.openqa.selenium.remote.service.DriverService.waitUntilAvailable(DriverService.java:197)
... 42 more
Caused by: java.util.concurrent.TimeoutException
at java.base/java.util.concurrent.FutureTask.get(FutureTask.java:204)
at com.google.common.util.concurrent.SimpleTimeLimiter.callWithTimeout(SimpleTimeLimiter.java:156)
at org.openqa.selenium.net.UrlChecker.waitUntilAvailable(UrlChecker.java:75)
... 43 more
... Removed 32 stack frames]]>
    </failure>
  </testcase> <!-- @BeforeMethod browserSetup -->
  <testcase classname="com.vyasa.testng.automation.TestNGAutomation" name="@BeforeMethod browserSetup" time="-1.653623608004E9">
    <skipped/>
  </testcase> <!-- @BeforeMethod browserSetup -->
  <testcase classname="com.vyasa.testng.automation.TestNGAutomation" name="@BeforeMethod browserSetup" time="-1.653623608011E9">
    <skipped/>
  </testcase> <!-- @BeforeMethod browserSetup -->
  <testcase classname="com.vyasa.testng.automation.TestNGAutomation" name="@AfterClass browserClose" time="-1.653623608018E9">
    <skipped/>
  </testcase> <!-- @AfterClass browserClose -->
  <testcase classname="com.vyasa.testng.automation.TestNGAttributes" name="test6" time="0.002"/>
  <testcase classname="com.vyasa.testng.automation.TestNGAttributes" name="atest4" time="0.08"/>
  <testcase classname="com.vyasa.testng.automation.TestNGAttributes" name="test2" time="0.005"/>
  <testcase classname="com.vyasa.testng.automation.TestNGAttributes" name="test5" time="0.003"/>
  <testcase classname="com.vyasa.testng.automation.TestNGAttributes" name="test1" time="0.001"/>
  <testcase classname="com.vyasa.testng.automation.TestNGAttributes" name="test3" time="0.002"/>
  <testcase classname="com.vyasa.testng.automation.TestNGAutomation" name="verifyNewArrivalsDisplayed" time="0.002">
    <failure type="java.lang.NullPointerException" message="Cannot invoke &amp;quot;org.openqa.selenium.WebDriver.findElement(org.openqa.selenium.By)&amp;quot; because &amp;quot;this.driver&amp;quot; is null">
      <![CDATA[java.lang.NullPointerException: Cannot invoke "org.openqa.selenium.WebDriver.findElement(org.openqa.selenium.By)" because "this.driver" is null
at com.vyasa.testng.automation.TestNGAutomation.verifyNewArrivalsDisplayed(TestNGAutomation.java:37)
at java.base/java.util.ArrayList.forEach(ArrayList.java:1511)
... Removed 28 stack frames]]>
    </failure>
  </testcase> <!-- verifyNewArrivalsDisplayed -->
  <testcase classname="com.vyasa.testng.automation.TestNGAutomation" name="verifySliderHasThreeBooks" time="0.0">
    <skipped/>
  </testcase> <!-- verifySliderHasThreeBooks -->
  <testcase classname="com.vyasa.testng.automation.TestNGAutomation" name="verifyNewArrivalHasThreeBooks" time="0.0">
    <skipped/>
  </testcase> <!-- verifyNewArrivalHasThreeBooks -->
  <testcase classname="com.vyasa.testng.automation.TestNGAutomation" name="verifyTitleOfNewArrivalBooks" time="0.0">
    <skipped/>
  </testcase> <!-- verifyTitleOfNewArrivalBooks -->
  <testcase classname="com.vyasa.testng.automation.TestNGAttributes" name="test7" time="0.001">
    <skipped/>
  </testcase> <!-- test7 -->
</testsuite> <!-- HomePageSuite -->
